build/app/outputs/logs/manifest-merger-release-report.txt
-- Merging decision tree log ---
manifest
ADDED from src/main/AndroidManifest.xml:1:1-24:12
INJECTED from src/main/AndroidManifest.xml:1:1-24:12
INJECTED from src/main/AndroidManifest.xml:1:1-24:12
INJECTED from src/main/AndroidManifest.xml:1:1-24:12
MERGED from [:shared_preferences] AndroidManifest.xml:2:1-7:12
INJECTED from src/main/AndroidManifest.xml:1:1-24:12
INJECTED from src/main/AndroidManifest.xml:1:1-24:12
INJECTED from src/main/AndroidManifest.xml:1:1-24:12
	package
		ADDED from src/main/AndroidManifest.xml:1:70-104
		INJECTED from src/main/AndroidManifest.xml
		INJECTED from src/main/AndroidManifest.xml
	android:versionName
		INJECTED from src/main/AndroidManifest.xml
		ADDED from src/main/AndroidManifest.xml:1:1-24:12
		INJECTED from src/main/AndroidManifest.xml
	android:versionCode
		INJECTED from src/main/AndroidManifest.xml
		ADDED from src/main/AndroidManifest.xml:1:1-24:12
		INJECTED from src/main/AndroidManifest.xml
	xmlns:android
		ADDED from src/main/AndroidManifest.xml:1:11-69
uses-permission#android.permission.READ_PHONE_STATE
ADDED from src/main/AndroidManifest.xml:2:5-75
	android:name
		ADDED from src/main/AndroidManifest.xml:2:22-72
uses-permission#android.permission.INTERNET
ADDED from src/main/AndroidManifest.xml:3:5-67
	android:name
		ADDED from src/main/AndroidManifest.xml:3:22-64
uses-permission#android.permission.ACCESS_NETWORK_STATE
ADDED from src/main/AndroidManifest.xml:4:5-79
	android:name
		ADDED from src/main/AndroidManifest.xml:4:22-76
uses-permission#android.permission.ACCESS_WIFI_STATE
ADDED from src/main/AndroidManifest.xml:5:5-76
	android:name
		ADDED from src/main/AndroidManifest.xml:5:22-73
application
ADDED from src/main/AndroidManifest.xml:11:5-23:19
	android:label
		ADDED from src/main/AndroidManifest.xml:11:67-95
	android:icon
		ADDED from src/main/AndroidManifest.xml:11:96-130
	android:name
		ADDED from src/main/AndroidManifest.xml:11:18-66
activity#com.example.hi_watch_app.MainActivity
ADDED from src/main/AndroidManifest.xml:12:9-22:20
	android:launchMode
		ADDED from src/main/AndroidManifest.xml:12:48-78
	android:hardwareAccelerated
		ADDED from src/main/AndroidManifest.xml:12:246-280
	android:windowSoftInputMode
		ADDED from src/main/AndroidManifest.xml:12:281-323
	android:configChanges
		ADDED from src/main/AndroidManifest.xml:12:114-245
	android:theme
		ADDED from src/main/AndroidManifest.xml:12:79-113
	android:name
		ADDED from src/main/AndroidManifest.xml:12:19-47
meta-data#io.flutter.app.android.SplashScreenUntilFirstFrame
ADDED from src/main/AndroidManifest.xml:17:13-113
	android:value
		ADDED from src/main/AndroidManifest.xml:17:90-110
	android:name
		ADDED from src/main/AndroidManifest.xml:17:24-89
intent-filter#action:name:android.intent.action.MAIN+category:name:android.intent.category.LAUNCHER
ADDED from src/main/AndroidManifest.xml:18:13-21:29
action#android.intent.action.MAIN
ADDED from src/main/AndroidManifest.xml:19:17-69
	android:name
		ADDED from src/main/AndroidManifest.xml:19:25-66
category#android.intent.category.LAUNCHER
ADDED from src/main/AndroidManifest.xml:20:17-77
	android:name
		ADDED from src/main/AndroidManifest.xml:20:27-74
uses-sdk
INJECTED from src/main/AndroidManifest.xml reason: use-sdk injection requested
INJECTED from src/main/AndroidManifest.xml
INJECTED from src/main/AndroidManifest.xml
MERGED from [:shared_preferences] AndroidManifest.xml:5:5-44
MERGED from [:shared_preferences] AndroidManifest.xml:5:5-44
INJECTED from src/main/AndroidManifest.xml
INJECTED from src/main/AndroidManifest.xml
	android:targetSdkVersion
		INJECTED from src/main/AndroidManifest.xml
		ADDED from src/main/AndroidManifest.xml
		INJECTED from src/main/AndroidManifest.xml
	android:minSdkVersion
		INJECTED from src/main/AndroidManifest.xml
		ADDED from src/main/AndroidManifest.xml
		INJECTED from src/main/AndroidManifest.xml